1704471649459	geckodriver	INFO	Listening on 127.0.0.1:44445
1704471649467	mozrunner::runner	INFO	Running command: MOZ_CRASHREPORTER="1" MOZ_CRASHREPORTER_NO_REPORT="1" MOZ_CRASHREPORTER_SHUTDOWN="1" MOZ_NO_REMOTE="1" "/usr ... te" "--remote-debugging-port" "60615" "--remote-allow-hosts" "localhost" "-no-remote" "-profile" "/tmp/rust_mozprofilePHM4xS"
console.warn: services.settings: Ignoring preference override of remote settings server
console.warn: services.settings: Allow by setting MOZ_REMOTE_SETTINGS_DEVTOOLS=1 in the environment
1704471651131	Marionette	INFO	Marionette enabled
1704471651275	Marionette	INFO	Listening on port 42171
Read port: 42171
WebDriver BiDi listening on ws://127.0.0.1:60615
1704471651446	RemoteAgent	WARN	TLS certificate errors will be ignored for this session
console.error: ({})
DevTools listening on ws://127.0.0.1:60615/devtools/browser/ab929f84-76d7-4462-a36b-c69b72adf22d
console.warn: LoginRecipes: "Falling back to a synchronous message for: https://fakestore.testelka.pl."
console.warn: LoginRecipes: "Falling back to a synchronous message for: https://fakestore.testelka.pl."
1704471663141	Marionette	INFO	Stopped listening on port 42171
JavaScript warning: https://fakestore.testelka.pl/wp-includes/js/zxcvbn.min.js, line 13: Script terminated by timeout at:
[3]<@https://fakestore.testelka.pl/wp-includes/js/zxcvbn.min.js:13:242000
s@https://fakestore.testelka.pl/wp-includes/js/zxcvbn.min.js:6:620
s/<@https://fakestore.testelka.pl/wp-includes/js/zxcvbn.min.js:6:671
[5]<@https://fakestore.testelka.pl/wp-includes/js/zxcvbn.min.js:23:191
s@https://fakestore.testelka.pl/wp-includes/js/zxcvbn.min.js:6:620
s/<@https://fakestore.testelka.pl/wp-includes/js/zxcvbn.min.js:6:671
[4]<@https://fakestore.testelka.pl/wp-includes/js/zxcvbn.min.js:20:74
s@https://fakestore.testelka.pl/wp-includes/js/zxcvbn.min.js:6:620
e@https://fakestore.testelka.pl/wp-includes/js/zxcvbn.min.js:6:792
@https://fakestore.testelka.pl/wp-includes/js/zxcvbn.min.js:6:809
@https://fakestore.testelka.pl/wp-includes/js/zxcvbn.min.js:6:316
@https://fakestore.testelka.pl/wp-includes/js/zxcvbn.min.js:6:322

